<?xml version="1.0" encoding="UTF-8"?>
<!-- Generated by org.testng.reporters.JUnitReportReporter -->
<testsuite hostname="Sanju" failures="0" tests="4" name="Module4_Product_Test.SwagLabProductTest" time="25.946" errors="0" timestamp="2025-01-04T09:01:32 IST" skipped="0">
  <testcase classname="Module4_Product_Test.SwagLabProductTest" name="verifyProductName" time="6.544"/>
  <testcase classname="Module4_Product_Test.SwagLabProductTest" name="verifyProductPrice" time="6.478"/>
  <testcase classname="Module4_Product_Test.SwagLabProductTest" name="verifyAllProductSize" time="6.434"/>
  <testcase classname="Module4_Product_Test.SwagLabProductTest" name="verifyAllProductPriceSum" time="6.490"/>
</testsuite> <!-- Module4_Product_Test.SwagLabProductTest -->
