<?xml version="1.0" encoding="UTF-8"?>
<!-- Generated by org.testng.reporters.JUnitReportReporter -->
<testsuite hostname="Sanju" failures="0" tests="4" name="Module4_Product_Test.SwagLabProductTest" time="26.272" errors="0" timestamp="2024-12-24T07:49:50 IST" skipped="0">
  <testcase classname="Module4_Product_Test.SwagLabProductTest" name="verifyProductName" time="6.843"/>
  <testcase classname="Module4_Product_Test.SwagLabProductTest" name="verifyProductPrice" time="6.440"/>
  <testcase classname="Module4_Product_Test.SwagLabProductTest" name="verifyAllProductSize" time="6.505"/>
  <testcase classname="Module4_Product_Test.SwagLabProductTest" name="verifyAllProductPriceSum" time="6.484"/>
</testsuite> <!-- Module4_Product_Test.SwagLabProductTest -->
