<?xml version="1.0" encoding="UTF-8"?>
<!-- Generated by org.testng.reporters.JUnitReportReporter -->
<testsuite hostname="Sanju" failures="0" tests="1" name="Module4_Product_Test.SwagLabProductTest1" time="13.113" errors="0" timestamp="2024-12-24T08:15:01 IST" skipped="0">
  <testcase classname="Module4_Product_Test.SwagLabProductTest1" name="verifyAddToCartFeature" time="13.113"/>
</testsuite> <!-- Module4_Product_Test.SwagLabProductTest1 -->
