<?xml version="1.0" encoding="UTF-8"?>
<!-- Generated by org.testng.reporters.JUnitReportReporter -->
<testsuite hostname="Sanju" failures="0" tests="2" name="Module4_Product_Test.SwagLabProductTest" time="13.667" errors="0" timestamp="2024-12-20T08:08:08 IST" skipped="0">
  <testcase classname="Module4_Product_Test.SwagLabProductTest" name="verifyProductName" time="7.028"/>
  <testcase classname="Module4_Product_Test.SwagLabProductTest" name="verifyProductPrice" time="6.639"/>
</testsuite> <!-- Module4_Product_Test.SwagLabProductTest -->
