<?xml version="1.0" encoding="UTF-8"?>
<!-- Generated by org.testng.reporters.JUnitReportReporter -->
<testsuite hostname="Sanju" failures="0" tests="1" name="Module4_Product_Test.SwagLabOrderProductTest" time="23.489" errors="0" timestamp="2025-01-04T09:01:32 IST" skipped="0">
  <testcase classname="Module4_Product_Test.SwagLabOrderProductTest" name="orderAnySpecificProduct" time="23.489"/>
</testsuite> <!-- Module4_Product_Test.SwagLabOrderProductTest -->
