<?xml version="1.0" encoding="UTF-8"?>
<!-- Generated by org.testng.reporters.JUnitReportReporter -->
<testsuite hostname="Sanju" failures="0" tests="1" name="Module1_Login_Test.SwagLabLoginTest" time="7.483" errors="0" timestamp="2024-12-20T07:48:34 IST" skipped="0">
  <testcase classname="Module1_Login_Test.SwagLabLoginTest" name="verifyLogo" time="7.483"/>
</testsuite> <!-- Module1_Login_Test.SwagLabLoginTest -->
