<?xml version="1.0" encoding="UTF-8"?>
<!-- Generated by org.testng.reporters.JUnitReportReporter -->
<testsuite hostname="Sanju" failures="0" tests="1" name="Module1_Login_Test.SwagLabLoginTest" time="7.018" errors="0" timestamp="2025-01-04T09:01:32 IST" skipped="0">
  <testcase classname="Module1_Login_Test.SwagLabLoginTest" name="verifyLogo" time="7.018"/>
</testsuite> <!-- Module1_Login_Test.SwagLabLoginTest -->
