<?xml version="1.0" encoding="UTF-8"?>
<!-- Generated by org.testng.reporters.JUnitReportReporter -->
<testsuite hostname="Sanju" failures="0" tests="3" name="Module4_Product_Test.SwagLabOrderProductTest" time="75.774" errors="0" timestamp="2024-12-26T08:05:04 IST" skipped="0">
  <testcase classname="Module4_Product_Test.SwagLabOrderProductTest" name="orderAnySpecificProduct" time="25.062"/>
  <testcase classname="Module4_Product_Test.SwagLabOrderProductTest" name="orderAnySpecificProduct" time="26.087"/>
  <testcase classname="Module4_Product_Test.SwagLabOrderProductTest" name="orderAnySpecificProduct" time="24.625"/>
</testsuite> <!-- Module4_Product_Test.SwagLabOrderProductTest -->
