<?xml version="1.0" encoding="UTF-8"?>
<!-- Generated by org.testng.reporters.JUnitReportReporter -->
<testsuite hostname="Sanju" failures="0" tests="1" name="Module1_Login_Test.SwagLabLoginTest" time="8.999" errors="0" timestamp="2024-11-25T07:22:35 IST" skipped="0">
  <testcase classname="Module1_Login_Test.SwagLabLoginTest" name="verifyLogo" time="8.999"/>
</testsuite> <!-- Module1_Login_Test.SwagLabLoginTest -->
